c:\users\micha\documents\pg1\src\pg\pg1_embree\x64\debug\pg1_embree.pch
c:\users\micha\documents\pg1\src\pg\pg1_embree\x64\debug\vc143.pdb
c:\users\micha\documents\pg1\src\pg\pg1_embree\x64\debug\vc143.idb
c:\users\micha\documents\pg1\src\pg\pg1_embree\x64\debug\stdafx.obj
c:\users\micha\documents\pg1\src\pg\pg1_embree\x64\debug\vector3.obj
c:\users\micha\documents\pg1\src\pg\pg1_embree\x64\debug\utils.obj
c:\users\micha\documents\pg1\src\pg\pg1_embree\x64\debug\tutorials.obj
c:\users\micha\documents\pg1\src\pg\pg1_embree\x64\debug\triangle.obj
c:\users\micha\documents\pg1\src\pg\pg1_embree\x64\debug\texture.obj
c:\users\micha\documents\pg1\src\pg\pg1_embree\x64\debug\surface.obj
c:\users\micha\documents\pg1\src\pg\pg1_embree\x64\debug\structs.obj
c:\users\micha\documents\pg1\src\pg\pg1_embree\x64\debug\simpleguidx11.obj
c:\users\micha\documents\pg1\src\pg\pg1_embree\x64\debug\pg1_embree.obj
c:\users\micha\documents\pg1\src\pg\pg1_embree\x64\debug\raytracer.obj
c:\users\micha\documents\pg1\src\pg\pg1_embree\x64\debug\objloader.obj
c:\users\micha\documents\pg1\src\pg\pg1_embree\x64\debug\mymath.obj
c:\users\micha\documents\pg1\src\pg\pg1_embree\x64\debug\matrix3x3.obj
c:\users\micha\documents\pg1\src\pg\pg1_embree\x64\debug\material.obj
c:\users\micha\documents\pg1\src\pg\pg1_embree\x64\debug\camera.obj
c:\users\micha\documents\pg1\src\pg\pg1_embree\x64\debug\imgui_impl_win32.obj
c:\users\micha\documents\pg1\src\pg\pg1_embree\x64\debug\imgui_impl_dx11.obj
c:\users\micha\documents\pg1\src\pg\pg1_embree\x64\debug\imgui_draw.obj
c:\users\micha\documents\pg1\src\pg\pg1_embree\x64\debug\imgui_demo.obj
c:\users\micha\documents\pg1\src\pg\pg1_embree\x64\debug\imgui.obj
c:\users\micha\documents\pg1\src\pg\pg1_embree\x64\debug\vertex.obj
c:\users\micha\documents\pg1\src\pg\x64\debug\pg1_embree.exe
c:\users\micha\documents\pg1\src\pg\x64\debug\pg1_embree.pdb
c:\users\micha\documents\pg1\src\pg\x64\debug\embree3.dll
c:\users\micha\documents\pg1\src\pg\x64\debug\tbb12_debug.dll
c:\users\micha\documents\pg1\src\pg\pg1_embree\x64\debug\pg1_embree.ilk
c:\users\micha\documents\pg1\src\pg\pg1_embree\x64\debug\pg1_embree.tlog\cl.command.1.tlog
c:\users\micha\documents\pg1\src\pg\pg1_embree\x64\debug\pg1_embree.tlog\cl.items.tlog
c:\users\micha\documents\pg1\src\pg\pg1_embree\x64\debug\pg1_embree.tlog\cl.read.1.tlog
c:\users\micha\documents\pg1\src\pg\pg1_embree\x64\debug\pg1_embree.tlog\cl.write.1.tlog
c:\users\micha\documents\pg1\src\pg\pg1_embree\x64\debug\pg1_embree.tlog\link.command.1.tlog
c:\users\micha\documents\pg1\src\pg\pg1_embree\x64\debug\pg1_embree.tlog\link.read.1.tlog
c:\users\micha\documents\pg1\src\pg\pg1_embree\x64\debug\pg1_embree.tlog\link.secondary.1.tlog
c:\users\micha\documents\pg1\src\pg\pg1_embree\x64\debug\pg1_embree.tlog\link.write.1.tlog
c:\users\micha\documents\pg1\src\pg\pg1_embree\x64\debug\pg1_embree.tlog\pg1_embree.write.1u.tlog
